<?xml version="1.0" encoding="UTF-8"?>
<!-- Generated by org.testng.reporters.JUnitReportReporter -->
<testsuite hostname="DESKTOP-IN94U2C" failures="0" tests="2" name="com.example.slidingwindow.SlidingWindowTest" time="0.020" errors="0" timestamp="2023-03-04T17:55:56 EST" skipped="0">
  <testcase classname="com.example.slidingwindow.SlidingWindowTest" name="shouldTestCountGoodSubstrings" time="0.019"/>
  <system-out/>
  <testcase classname="com.example.slidingwindow.SlidingWindowTest" name="shouldTestCountGoodSubstringsAgain" time="0.001"/>
  <system-out/>
</testsuite> <!-- com.example.slidingwindow.SlidingWindowTest -->
